<?xml version="1.0" encoding="UTF-8"?>
<testsuite name="demoqaKhasia.DZ1" tests="1" skipped="0" failures="0" errors="0" timestamp="2023-03-29T19:51:28" hostname="MacBook-Air-Dmitrij.local" time="6.744">
  <properties/>
  <testcase name="mydztest()" classname="demoqaKhasia.DZ1" time="6.744"/>
  <system-out><![CDATA[]]></system-out>
  <system-err><![CDATA[SLF4J: No SLF4J providers were found.
SLF4J: Defaulting to no-operation (NOP) logger implementation
SLF4J: See https://www.slf4j.org/codes.html#noProviders for further details.
Starting ChromeDriver 111.0.5563.64 (c710e93d5b63b7095afe8c2c17df34408078439d-refs/branch-heads/5563@{#995}) on port 6249
Only local connections are allowed.
Please see https://chromedriver.chromium.org/security-considerations for suggestions on keeping ChromeDriver safe.
ChromeDriver was started successfully.
мар. 29, 2023 11:51:31 PM org.openqa.selenium.devtools.CdpVersionFinder findNearestMatch
WARNING: Unable to find an exact match for CDP version 111, so returning the closest version found: 110
]]></system-err>
</testsuite>
